c:\users\victor\desktop\ventura\ventura\x64\debug\vc142.pdb
c:\users\victor\desktop\ventura\ventura\x64\debug\vc142.idb
c:\users\victor\desktop\ventura\ventura\x64\debug\timer.obj
c:\users\victor\desktop\ventura\ventura\x64\debug\textbox.obj
c:\users\victor\desktop\ventura\ventura\x64\debug\resourcemanager.obj
c:\users\victor\desktop\ventura\ventura\x64\debug\spriterenderer.obj
c:\users\victor\desktop\ventura\ventura\x64\debug\spritesheetreader.obj
c:\users\victor\desktop\ventura\ventura\x64\debug\entity.obj
c:\users\victor\desktop\ventura\ventura\x64\debug\collisionhandler.obj
c:\users\victor\desktop\ventura\ventura\x64\debug\component.obj
c:\users\victor\desktop\ventura\ventura\x64\debug\animationcycle.obj
c:\users\victor\desktop\ventura\ventura\x64\debug\hitboxrenderer.obj
c:\users\victor\desktop\ventura\ventura\x64\debug\circle.obj
c:\users\victor\desktop\ventura\ventura\x64\debug\hitbox.obj
c:\users\victor\desktop\ventura\ventura\x64\debug\hitcircle.obj
c:\users\victor\desktop\ventura\ventura\x64\debug\particlegenerator.obj
c:\users\victor\desktop\ventura\ventura\x64\debug\camera.obj
c:\users\victor\desktop\ventura\ventura\x64\debug\filter.obj
c:\users\victor\desktop\ventura\ventura\x64\debug\audio.obj
c:\users\victor\desktop\ventura\ventura\x64\debug\filesystem.obj
c:\users\victor\desktop\ventura\ventura\x64\debug\slider.obj
c:\users\victor\desktop\ventura\ventura\x64\debug\scene.obj
c:\users\victor\desktop\ventura\ventura\x64\debug\button.obj
c:\users\victor\desktop\ventura\ventura\x64\debug\checkbox.obj
c:\users\victor\desktop\ventura\ventura\x64\debug\textrenderer.obj
c:\users\victor\desktop\ventura\ventura\x64\debug\imgui_widgets.obj
c:\users\victor\desktop\ventura\ventura\x64\debug\imgui_impl_opengl3.obj
c:\users\victor\desktop\ventura\ventura\x64\debug\imgui_impl_glfw.obj
c:\users\victor\desktop\ventura\ventura\x64\debug\imgui_draw.obj
c:\users\victor\desktop\ventura\ventura\x64\debug\imgui.obj
c:\users\victor\desktop\ventura\ventura\x64\debug\texture.obj
c:\users\victor\desktop\ventura\ventura\x64\debug\main.obj
c:\users\victor\desktop\ventura\ventura\x64\debug\shader.obj
c:\users\victor\desktop\ventura\ventura\x64\debug\game.obj
c:\users\victor\desktop\ventura\ventura\x64\debug\glad.obj
c:\users\victor\desktop\ventura\x64\debug\ventura.exe
c:\users\victor\desktop\ventura\x64\debug\ventura.ilk
c:\users\victor\desktop\ventura\x64\debug\ventura.pdb
c:\users\victor\desktop\ventura\ventura\x64\debug\timerspecialized.obj
c:\users\victor\desktop\ventura\ventura\x64\debug\ventura.tlog\cl.command.1.tlog
c:\users\victor\desktop\ventura\ventura\x64\debug\ventura.tlog\cl.read.1.tlog
c:\users\victor\desktop\ventura\ventura\x64\debug\ventura.tlog\cl.write.1.tlog
c:\users\victor\desktop\ventura\ventura\x64\debug\ventura.tlog\link.command.1.tlog
c:\users\victor\desktop\ventura\ventura\x64\debug\ventura.tlog\link.read.1.tlog
c:\users\victor\desktop\ventura\ventura\x64\debug\ventura.tlog\link.write.1.tlog
