  Button.cpp
  Game.cpp
  ParticleGenerator.cpp
C:\Users\Victor\Desktop\Ventura\Ventura\src\ParticleGenerator.cpp(6,17): warning C4244: 'argument': conversion from 'time_t' to 'unsigned int', possible loss of data
C:\Users\Victor\Desktop\Ventura\Ventura\src\ParticleGenerator.cpp(57,30): warning C4018: '<': signed/unsigned mismatch
C:\Users\Victor\Desktop\Ventura\Ventura\src\ParticleGenerator.cpp(149,13): warning C4244: 'initializing': conversion from 'T' to 'float', possible loss of data
          with
          [
              T=glm::i32
          ]
C:\Users\Victor\Desktop\Ventura\Ventura\src\ParticleGenerator.cpp(150,13): warning C4244: 'initializing': conversion from 'T' to 'float', possible loss of data
          with
          [
              T=glm::i32
          ]
C:\Users\Victor\Desktop\Ventura\Ventura\src\ParticleGenerator.cpp(154,44): warning C4244: 'argument': conversion from 'T' to 'T', possible loss of data
          with
          [
              T=glm::i32
          ]
          and
          [
              T=float
          ]
C:\Users\Victor\Desktop\Ventura\Ventura\src\ParticleGenerator.cpp(158,25): warning C4244: '=': conversion from 'int' to 'float', possible loss of data
  TextRenderer.cpp
C:\Users\Victor\Desktop\Ventura\Ventura\src\TextRenderer.cpp(72,24): warning C4838: conversion from 'FT_Pos' to 'unsigned int' requires a narrowing conversion
  main.cpp
C:\Users\Victor\Desktop\Ventura\Ventura\src\main.cpp(48,44): warning C4244: 'argument': conversion from 'float' to 'int', possible loss of data
C:\Users\Victor\Desktop\Ventura\Ventura\src\main.cpp(48,31): warning C4244: 'argument': conversion from 'float' to 'int', possible loss of data
C:\Users\Victor\Desktop\Ventura\Ventura\src\main.cpp(51,37): warning C4244: 'argument': conversion from 'float' to 'unsigned int', possible loss of data
C:\Users\Victor\Desktop\Ventura\Ventura\src\main.cpp(51,24): warning C4244: 'argument': conversion from 'float' to 'unsigned int', possible loss of data
C:\Users\Victor\Desktop\Ventura\Ventura\src\main.cpp(77,35): warning C4244: 'argument': conversion from 'float' to 'GLsizei', possible loss of data
C:\Users\Victor\Desktop\Ventura\Ventura\src\main.cpp(77,22): warning C4244: 'argument': conversion from 'float' to 'GLsizei', possible loss of data
C:\Users\Victor\Desktop\Ventura\Ventura\src\main.cpp(95,34): warning C4244: '=': conversion from 'double' to 'float', possible loss of data
  Generating Code...
C:\Users\Victor\Desktop\Ventura\Ventura\src\ResourceManager.h(33): warning C4715: 'ResourceManager::Get<Shader>': not all control paths return a value
C:\Users\Victor\Desktop\Ventura\Ventura\src\ResourceManager.h(33): warning C4715: 'ResourceManager::Get<Shader>': not all control paths return a value
LINK : warning LNK4098: defaultlib 'MSVCRT' conflicts with use of other libs; use /NODEFAULTLIB:library
  Ventura.vcxproj -> C:\Users\Victor\Desktop\Ventura\x64\Debug\Ventura.exe
